E:\笔记\VS_CODE\UNIT_0\WYP\DEBUG\WYP.EXE
E:\笔记\VS_CODE\UNIT_0\WYP\DEBUG\WYP.ILK
E:\笔记\VS_CODE\UNIT_0\WYP\DEBUG\WYP.PDB
E:\笔记\VS_Code\unit_0\wyp\wyp\Debug\cl.command.1.tlog
E:\笔记\VS_Code\unit_0\wyp\wyp\Debug\CL.read.1.tlog
E:\笔记\VS_Code\unit_0\wyp\wyp\Debug\CL.write.1.tlog
E:\笔记\VS_Code\unit_0\wyp\wyp\Debug\link.419876.read.1.tlog
E:\笔记\VS_Code\unit_0\wyp\wyp\Debug\link.419876.write.1.tlog
E:\笔记\VS_Code\unit_0\wyp\wyp\Debug\link.419876-cvtres.read.1.tlog
E:\笔记\VS_Code\unit_0\wyp\wyp\Debug\link.419876-cvtres.write.1.tlog
E:\笔记\VS_Code\unit_0\wyp\wyp\Debug\link.command.1.tlog
E:\笔记\VS_Code\unit_0\wyp\wyp\Debug\link.read.1.tlog
E:\笔记\VS_Code\unit_0\wyp\wyp\Debug\link.write.1.tlog
E:\笔记\VS_Code\unit_0\wyp\wyp\Debug\link-cvtres.read.1.tlog
E:\笔记\VS_Code\unit_0\wyp\wyp\Debug\link-cvtres.write.1.tlog
E:\笔记\VS_Code\unit_0\wyp\wyp\Debug\mt.command.1.tlog
E:\笔记\VS_Code\unit_0\wyp\wyp\Debug\mt.read.1.tlog
E:\笔记\VS_Code\unit_0\wyp\wyp\Debug\mt.write.1.tlog
E:\笔记\VS_Code\unit_0\wyp\wyp\Debug\rc.command.1.tlog
E:\笔记\VS_Code\unit_0\wyp\wyp\Debug\rc.read.1.tlog
E:\笔记\VS_Code\unit_0\wyp\wyp\Debug\rc.write.1.tlog
E:\笔记\VS_Code\unit_0\wyp\wyp\Debug\vc100.idb
E:\笔记\VS_CODE\UNIT_0\WYP\WYP\DEBUG\VC100.PDB
E:\笔记\VS_CODE\UNIT_0\WYP\WYP\DEBUG\WYP.EXE.EMBED.MANIFEST
E:\笔记\VS_CODE\UNIT_0\WYP\WYP\DEBUG\WYP.EXE.EMBED.MANIFEST.RES
E:\笔记\VS_CODE\UNIT_0\WYP\WYP\DEBUG\WYP.EXE.INTERMEDIATE.MANIFEST
E:\笔记\VS_Code\unit_0\wyp\wyp\Debug\wyp.write.1.tlog
E:\笔记\VS_Code\unit_0\wyp\wyp\Debug\wyp_manifest.rc
E:\笔记\VS_CODE\UNIT_0\WYP\WYP\DEBUG\拷贝构造函数.OBJ
E:\笔记\VS_CODE\UNIT_0\WYP\WYP\DEBUG\全局_局部_小端.OBJ
E:\笔记\VS_CODE\UNIT_0\WYP\WYP\DEBUG\深拷贝.OBJ
E:\笔记\VS_CODE\UNIT_0\WYP\WYP\DEBUG\深信服.OBJ
E:\笔记\VS_CODE\UNIT_0\WYP\WYP\DEBUG\实现LS.OBJ
E:\笔记\VS_CODE\UNIT_0\WYP\WYP\DEBUG\算法.OBJ
E:\笔记\VS_CODE\UNIT_0\WYP\WYP\DEBUG\小Q和牛妹.OBJ
E:\笔记\VS_CODE\UNIT_0\WYP\WYP\DEBUG\虚函数的特点.OBJ
E:\笔记\VS_CODE\UNIT_0\WYP\WYP\DEBUG\虚继承.OBJ
